Info: Starting: Create HDL design files for synthesis
Info: qsys-generate C:\Users\mitch\Documents\GitHub\CSC10\week_1_eerste_les\Segment_display\nois_system.qsys --synthesis=VHDL --output-directory=C:\Users\mitch\Documents\GitHub\CSC10\week_1_eerste_les\Segment_display\nois_system\synthesis --family="Cyclone V" --part=5CSEMA5F31C6
Progress: Loading Segment_display/nois_system.qsys
Progress: Reading input file
Progress: Adding HEX_display_HEX3_HEX0 [altera_avalon_pio 18.1]
Progress: Parameterizing module HEX_display_HEX3_HEX0
Progress: Adding HEX_display_HEX5_HEX4 [altera_avalon_pio 18.1]
Progress: Parameterizing module HEX_display_HEX5_HEX4
Progress: Adding Interval_timer_Segment [altera_avalon_timer 18.1]
Progress: Parameterizing module Interval_timer_Segment
Progress: Adding clk_0 [clock_source 18.1]
Progress: Parameterizing module clk_0
Progress: Adding jtag_uart_0 [altera_avalon_jtag_uart 18.1]
Progress: Parameterizing module jtag_uart_0
Progress: Adding nios2_qsys_0 [altera_nios2_qsys 16.1]
Progress: Parameterizing module nios2_qsys_0
Progress: Adding onchip_memory2_0 [altera_avalon_onchip_memory2 18.1]
Progress: Parameterizing module onchip_memory2_0
Progress: Building connections
Progress: Parameterizing connections
Progress: Validating
Progress: Done reading input file
Info: nois_system.jtag_uart_0: JTAG UART IP input clock need to be at least double (2x) the operating frequency of JTAG TCK on board
Warning: nois_system.nios2_qsys_0: Nios II Classic cores are no longer recommended for new projects
Info: nois_system: Generating nois_system "nois_system" for QUARTUS_SYNTH
Info: HEX_display_HEX3_HEX0: Starting RTL generation for module 'nois_system_HEX_display_HEX3_HEX0'
Info: HEX_display_HEX3_HEX0:   Generation command is [exec C:/intelfpga_lite/18.1/quartus/bin64/perl/bin/perl.exe -I C:/intelfpga_lite/18.1/quartus/bin64/perl/lib -I C:/intelfpga_lite/18.1/quartus/sopc_builder/bin/europa -I C:/intelfpga_lite/18.1/quartus/sopc_builder/bin/perl_lib -I C:/intelfpga_lite/18.1/quartus/sopc_builder/bin -I C:/intelfpga_lite/18.1/quartus/../ip/altera/sopc_builder_ip/common -I C:/intelfpga_lite/18.1/quartus/../ip/altera/sopc_builder_ip/altera_avalon_pio -- C:/intelfpga_lite/18.1/quartus/../ip/altera/sopc_builder_ip/altera_avalon_pio/generate_rtl.pl --name=nois_system_HEX_display_HEX3_HEX0 --dir=C:/Users/mitch/AppData/Local/Temp/alt0410_8390420318726570188.dir/0002_HEX_display_HEX3_HEX0_gen/ --quartus_dir=C:/intelfpga_lite/18.1/quartus --verilog --config=C:/Users/mitch/AppData/Local/Temp/alt0410_8390420318726570188.dir/0002_HEX_display_HEX3_HEX0_gen//nois_system_HEX_display_HEX3_HEX0_component_configuration.pl  --do_build_sim=0  ]
Info: HEX_display_HEX3_HEX0: Done RTL generation for module 'nois_system_HEX_display_HEX3_HEX0'
Info: HEX_display_HEX3_HEX0: "nois_system" instantiated altera_avalon_pio "HEX_display_HEX3_HEX0"
Info: HEX_display_HEX5_HEX4: Starting RTL generation for module 'nois_system_HEX_display_HEX5_HEX4'
Info: HEX_display_HEX5_HEX4:   Generation command is [exec C:/intelfpga_lite/18.1/quartus/bin64/perl/bin/perl.exe -I C:/intelfpga_lite/18.1/quartus/bin64/perl/lib -I C:/intelfpga_lite/18.1/quartus/sopc_builder/bin/europa -I C:/intelfpga_lite/18.1/quartus/sopc_builder/bin/perl_lib -I C:/intelfpga_lite/18.1/quartus/sopc_builder/bin -I C:/intelfpga_lite/18.1/quartus/../ip/altera/sopc_builder_ip/common -I C:/intelfpga_lite/18.1/quartus/../ip/altera/sopc_builder_ip/altera_avalon_pio -- C:/intelfpga_lite/18.1/quartus/../ip/altera/sopc_builder_ip/altera_avalon_pio/generate_rtl.pl --name=nois_system_HEX_display_HEX5_HEX4 --dir=C:/Users/mitch/AppData/Local/Temp/alt0410_8390420318726570188.dir/0003_HEX_display_HEX5_HEX4_gen/ --quartus_dir=C:/intelfpga_lite/18.1/quartus --verilog --config=C:/Users/mitch/AppData/Local/Temp/alt0410_8390420318726570188.dir/0003_HEX_display_HEX5_HEX4_gen//nois_system_HEX_display_HEX5_HEX4_component_configuration.pl  --do_build_sim=0  ]
Info: HEX_display_HEX5_HEX4: Done RTL generation for module 'nois_system_HEX_display_HEX5_HEX4'
Info: HEX_display_HEX5_HEX4: "nois_system" instantiated altera_avalon_pio "HEX_display_HEX5_HEX4"
Info: Interval_timer_Segment: Starting RTL generation for module 'nois_system_Interval_timer_Segment'
Info: Interval_timer_Segment:   Generation command is [exec C:/intelFPGA_lite/18.1/quartus/bin64//perl/bin/perl.exe -I C:/intelFPGA_lite/18.1/quartus/bin64//perl/lib -I C:/intelfpga_lite/18.1/quartus/sopc_builder/bin/europa -I C:/intelfpga_lite/18.1/quartus/sopc_builder/bin/perl_lib -I C:/intelfpga_lite/18.1/quartus/sopc_builder/bin -I C:/intelfpga_lite/18.1/quartus/../ip/altera/sopc_builder_ip/common -I C:/intelfpga_lite/18.1/quartus/../ip/altera/sopc_builder_ip/altera_avalon_timer -- C:/intelfpga_lite/18.1/quartus/../ip/altera/sopc_builder_ip/altera_avalon_timer/generate_rtl.pl --name=nois_system_Interval_timer_Segment --dir=C:/Users/mitch/AppData/Local/Temp/alt0410_8390420318726570188.dir/0004_Interval_timer_Segment_gen/ --quartus_dir=C:/intelfpga_lite/18.1/quartus --verilog --config=C:/Users/mitch/AppData/Local/Temp/alt0410_8390420318726570188.dir/0004_Interval_timer_Segment_gen//nois_system_Interval_timer_Segment_component_configuration.pl  --do_build_sim=0  ]
Info: Interval_timer_Segment: Done RTL generation for module 'nois_system_Interval_timer_Segment'
Info: Interval_timer_Segment: "nois_system" instantiated altera_avalon_timer "Interval_timer_Segment"
Info: jtag_uart_0: Starting RTL generation for module 'nois_system_jtag_uart_0'
Info: jtag_uart_0:   Generation command is [exec C:/intelfpga_lite/18.1/quartus/bin64/perl/bin/perl.exe -I C:/intelfpga_lite/18.1/quartus/bin64/perl/lib -I C:/intelfpga_lite/18.1/quartus/sopc_builder/bin/europa -I C:/intelfpga_lite/18.1/quartus/sopc_builder/bin/perl_lib -I C:/intelfpga_lite/18.1/quartus/sopc_builder/bin -I C:/intelfpga_lite/18.1/quartus/../ip/altera/sopc_builder_ip/common -I C:/intelfpga_lite/18.1/quartus/../ip/altera/sopc_builder_ip/altera_avalon_jtag_uart -- C:/intelfpga_lite/18.1/quartus/../ip/altera/sopc_builder_ip/altera_avalon_jtag_uart/generate_rtl.pl --name=nois_system_jtag_uart_0 --dir=C:/Users/mitch/AppData/Local/Temp/alt0410_8390420318726570188.dir/0005_jtag_uart_0_gen/ --quartus_dir=C:/intelfpga_lite/18.1/quartus --verilog --config=C:/Users/mitch/AppData/Local/Temp/alt0410_8390420318726570188.dir/0005_jtag_uart_0_gen//nois_system_jtag_uart_0_component_configuration.pl  --do_build_sim=0  ]
Info: jtag_uart_0: Done RTL generation for module 'nois_system_jtag_uart_0'
Info: jtag_uart_0: "nois_system" instantiated altera_avalon_jtag_uart "jtag_uart_0"
Info: nios2_qsys_0: Starting RTL generation for module 'nois_system_nios2_qsys_0'
Info: nios2_qsys_0:   Generation command is [exec C:/intelfpga_lite/18.1/quartus/bin64/eperlcmd.exe -I C:/intelfpga_lite/18.1/quartus/bin64/perl/lib -I C:/intelfpga_lite/18.1/quartus/sopc_builder/bin/europa -I C:/intelfpga_lite/18.1/quartus/sopc_builder/bin/perl_lib -I C:/intelfpga_lite/18.1/quartus/sopc_builder/bin -I C:/intelfpga_lite/18.1/quartus/../ip/altera/nios2_ip/altera_nios2/cpu_lib -I C:/intelfpga_lite/18.1/quartus/../ip/altera/nios2_ip/altera_nios2/nios_lib -I C:/intelfpga_lite/18.1/quartus/../ip/altera/nios2_ip/altera_nios2 -I C:/intelfpga_lite/18.1/quartus/../ip/altera/nios2_ip/altera_nios2 -- C:/intelfpga_lite/18.1/quartus/../ip/altera/nios2_ip/altera_nios2/generate_rtl.epl --name=nois_system_nios2_qsys_0 --dir=C:/Users/mitch/AppData/Local/Temp/alt0410_8390420318726570188.dir/0006_nios2_qsys_0_gen/ --quartus_bindir=C:/intelfpga_lite/18.1/quartus/bin64 --verilog --config=C:/Users/mitch/AppData/Local/Temp/alt0410_8390420318726570188.dir/0006_nios2_qsys_0_gen//nois_system_nios2_qsys_0_processor_configuration.pl  --do_build_sim=0  ]
Info: nios2_qsys_0: # 2025.11.18 11:06:22 (*) Starting Nios II generation
Info: nios2_qsys_0: # 2025.11.18 11:06:22 (*)   Checking for plaintext license.
Info: nios2_qsys_0: # 2025.11.18 11:06:23 (*)   Couldn't query license setup in Quartus directory C:/intelfpga_lite/18.1/quartus/bin64
Info: nios2_qsys_0: # 2025.11.18 11:06:23 (*)   Defaulting to contents of LM_LICENSE_FILE environment variable
Info: nios2_qsys_0: # 2025.11.18 11:06:23 (*)   LM_LICENSE_FILE environment variable is empty
Info: nios2_qsys_0: # 2025.11.18 11:06:23 (*)   Plaintext license not found.
Info: nios2_qsys_0: # 2025.11.18 11:06:23 (*)   No license required to generate encrypted Nios II/e.
Info: nios2_qsys_0: # 2025.11.18 11:06:23 (*)   Elaborating CPU configuration settings
Info: nios2_qsys_0: # 2025.11.18 11:06:23 (*)   Creating all objects for CPU
Info: nios2_qsys_0: # 2025.11.18 11:06:24 (*)   Generating RTL from CPU objects
Info: nios2_qsys_0: # 2025.11.18 11:06:24 (*)   Creating plain-text RTL
Info: nios2_qsys_0: # 2025.11.18 11:06:25 (*) Done Nios II generation
Info: nios2_qsys_0: Done RTL generation for module 'nois_system_nios2_qsys_0'
Info: nios2_qsys_0: "nois_system" instantiated altera_nios2_qsys "nios2_qsys_0"
Info: onchip_memory2_0: Starting RTL generation for module 'nois_system_onchip_memory2_0'
Info: onchip_memory2_0:   Generation command is [exec C:/intelfpga_lite/18.1/quartus/bin64/perl/bin/perl.exe -I C:/intelfpga_lite/18.1/quartus/bin64/perl/lib -I C:/intelfpga_lite/18.1/quartus/sopc_builder/bin/europa -I C:/intelfpga_lite/18.1/quartus/sopc_builder/bin/perl_lib -I C:/intelfpga_lite/18.1/quartus/sopc_builder/bin -I C:/intelfpga_lite/18.1/quartus/../ip/altera/sopc_builder_ip/common -I C:/intelfpga_lite/18.1/quartus/../ip/altera/sopc_builder_ip/altera_avalon_onchip_memory2 -- C:/intelfpga_lite/18.1/quartus/../ip/altera/sopc_builder_ip/altera_avalon_onchip_memory2/generate_rtl.pl --name=nois_system_onchip_memory2_0 --dir=C:/Users/mitch/AppData/Local/Temp/alt0410_8390420318726570188.dir/0007_onchip_memory2_0_gen/ --quartus_dir=C:/intelfpga_lite/18.1/quartus --verilog --config=C:/Users/mitch/AppData/Local/Temp/alt0410_8390420318726570188.dir/0007_onchip_memory2_0_gen//nois_system_onchip_memory2_0_component_configuration.pl  --do_build_sim=0  ]
Info: onchip_memory2_0: Done RTL generation for module 'nois_system_onchip_memory2_0'
Info: onchip_memory2_0: "nois_system" instantiated altera_avalon_onchip_memory2 "onchip_memory2_0"
Info: avalon_st_adapter: Inserting error_adapter: error_adapter_0
Info: avalon_st_adapter_001: Inserting error_adapter: error_adapter_0
Info: avalon_st_adapter_002: Inserting error_adapter: error_adapter_0
Info: avalon_st_adapter_003: Inserting error_adapter: error_adapter_0
Info: avalon_st_adapter_004: Inserting error_adapter: error_adapter_0
Info: avalon_st_adapter_005: Inserting error_adapter: error_adapter_0
Info: mm_interconnect_0: "nois_system" instantiated altera_mm_interconnect "mm_interconnect_0"
Info: irq_mapper: "nois_system" instantiated altera_irq_mapper "irq_mapper"
Info: rst_controller: "nois_system" instantiated altera_reset_controller "rst_controller"
Info: nios2_qsys_0_data_master_translator: "mm_interconnect_0" instantiated altera_merlin_master_translator "nios2_qsys_0_data_master_translator"
Info: jtag_uart_0_avalon_jtag_slave_translator: "mm_interconnect_0" instantiated altera_merlin_slave_translator "jtag_uart_0_avalon_jtag_slave_translator"
Info: nios2_qsys_0_data_master_agent: "mm_interconnect_0" instantiated altera_merlin_master_agent "nios2_qsys_0_data_master_agent"
Info: jtag_uart_0_avalon_jtag_slave_agent: "mm_interconnect_0" instantiated altera_merlin_slave_agent "jtag_uart_0_avalon_jtag_slave_agent"
Info: jtag_uart_0_avalon_jtag_slave_agent_rsp_fifo: "mm_interconnect_0" instantiated altera_avalon_sc_fifo "jtag_uart_0_avalon_jtag_slave_agent_rsp_fifo"
Info: router: "mm_interconnect_0" instantiated altera_merlin_router "router"
Info: router_001: "mm_interconnect_0" instantiated altera_merlin_router "router_001"
Info: router_002: "mm_interconnect_0" instantiated altera_merlin_router "router_002"
Info: router_003: "mm_interconnect_0" instantiated altera_merlin_router "router_003"
Info: cmd_demux: "mm_interconnect_0" instantiated altera_merlin_demultiplexer "cmd_demux"
Info: cmd_demux_001: "mm_interconnect_0" instantiated altera_merlin_demultiplexer "cmd_demux_001"
Info: cmd_mux: "mm_interconnect_0" instantiated altera_merlin_multiplexer "cmd_mux"
Info: cmd_mux_001: "mm_interconnect_0" instantiated altera_merlin_multiplexer "cmd_mux_001"
Info: Reusing file C:/Users/mitch/Documents/GitHub/CSC10/week_1_eerste_les/Segment_display/nois_system/synthesis/submodules/altera_merlin_arbitrator.sv
Info: rsp_demux: "mm_interconnect_0" instantiated altera_merlin_demultiplexer "rsp_demux"
Info: rsp_mux: "mm_interconnect_0" instantiated altera_merlin_multiplexer "rsp_mux"
Info: Reusing file C:/Users/mitch/Documents/GitHub/CSC10/week_1_eerste_les/Segment_display/nois_system/synthesis/submodules/altera_merlin_arbitrator.sv
Info: rsp_mux_001: "mm_interconnect_0" instantiated altera_merlin_multiplexer "rsp_mux_001"
Info: Reusing file C:/Users/mitch/Documents/GitHub/CSC10/week_1_eerste_les/Segment_display/nois_system/synthesis/submodules/altera_merlin_arbitrator.sv
Info: avalon_st_adapter: "mm_interconnect_0" instantiated altera_avalon_st_adapter "avalon_st_adapter"
Info: error_adapter_0: "avalon_st_adapter" instantiated error_adapter "error_adapter_0"
Info: nois_system: Done "nois_system" with 28 modules, 44 files
Info: qsys-generate succeeded.
Info: Finished: Create HDL design files for synthesis
