Info: Starting: Create HDL design files for synthesis
Info: qsys-generate C:\CSC10\eindopdracht\eindopdracht.qsys --synthesis=VHDL --output-directory=C:\CSC10\eindopdracht\eindopdracht_emb_system\synthesis --family="Cyclone V" --part=5CSEMA5F31C6
Progress: Loading eindopdracht/eindopdracht.qsys
Progress: Reading input file
Progress: Adding JTAG_DEBUG [altera_avalon_jtag_uart 18.1]
Progress: Parameterizing module JTAG_DEBUG
Progress: Adding Processor_Nios [altera_nios2_qsys 16.1]
Progress: Parameterizing module Processor_Nios
Progress: Adding RAM [altera_avalon_onchip_memory2 18.1]
Progress: Parameterizing module RAM
Progress: Adding clk_0 [clock_source 18.1]
Progress: Parameterizing module clk_0
Progress: Adding led_matrix_0 [32x32_led_matrix 1.0]
Progress: Parameterizing module led_matrix_0
Progress: Adding performance_checker_0 [altera_avalon_performance_counter 18.1]
Progress: Parameterizing module performance_checker_0
Progress: Adding pio_buttons [altera_avalon_pio 18.1]
Progress: Parameterizing module pio_buttons
Progress: Adding pio_switches [altera_avalon_pio 18.1]
Progress: Parameterizing module pio_switches
Progress: Adding sysid_qsys_0 [altera_avalon_sysid_qsys 18.1]
Progress: Parameterizing module sysid_qsys_0
Progress: Adding timer_0 [altera_avalon_timer 18.1]
Progress: Parameterizing module timer_0
Progress: Building connections
Progress: Parameterizing connections
Progress: Validating
Progress: Done reading input file
Info: eindopdracht.JTAG_DEBUG: JTAG UART IP input clock need to be at least double (2x) the operating frequency of JTAG TCK on board
Warning: eindopdracht.Processor_Nios: Nios II Classic cores are no longer recommended for new projects
Info: eindopdracht.pio_buttons: PIO inputs are not hardwired in test bench. Undefined values will be read from PIO inputs during simulation.
Info: eindopdracht.pio_switches: PIO inputs are not hardwired in test bench. Undefined values will be read from PIO inputs during simulation.
Info: eindopdracht.sysid_qsys_0: System ID is not assigned automatically. Edit the System ID parameter to provide a unique ID
Info: eindopdracht.sysid_qsys_0: Time stamp will be automatically updated when this component is generated.
Info: eindopdracht: Generating eindopdracht "eindopdracht" for QUARTUS_SYNTH
Info: JTAG_DEBUG: Starting RTL generation for module 'eindopdracht_JTAG_DEBUG'
Info: JTAG_DEBUG:   Generation command is [exec C:/intelfpga_lite/18.1/quartus/bin64/perl/bin/perl.exe -I C:/intelfpga_lite/18.1/quartus/bin64/perl/lib -I C:/intelfpga_lite/18.1/quartus/sopc_builder/bin/europa -I C:/intelfpga_lite/18.1/quartus/sopc_builder/bin/perl_lib -I C:/intelfpga_lite/18.1/quartus/sopc_builder/bin -I C:/intelfpga_lite/18.1/quartus/../ip/altera/sopc_builder_ip/common -I C:/intelfpga_lite/18.1/quartus/../ip/altera/sopc_builder_ip/altera_avalon_jtag_uart -- C:/intelfpga_lite/18.1/quartus/../ip/altera/sopc_builder_ip/altera_avalon_jtag_uart/generate_rtl.pl --name=eindopdracht_JTAG_DEBUG --dir=C:/Users/E0FFA~1.LI/AppData/Local/Temp/alt0473_6995057575254471341.dir/0011_JTAG_DEBUG_gen/ --quartus_dir=C:/intelfpga_lite/18.1/quartus --verilog --config=C:/Users/E0FFA~1.LI/AppData/Local/Temp/alt0473_6995057575254471341.dir/0011_JTAG_DEBUG_gen//eindopdracht_JTAG_DEBUG_component_configuration.pl  --do_build_sim=0  ]
Info: JTAG_DEBUG: Done RTL generation for module 'eindopdracht_JTAG_DEBUG'
Info: JTAG_DEBUG: "eindopdracht" instantiated altera_avalon_jtag_uart "JTAG_DEBUG"
Info: Processor_Nios: Starting RTL generation for module 'eindopdracht_Processor_Nios'
Info: Processor_Nios:   Generation command is [exec C:/intelfpga_lite/18.1/quartus/bin64/eperlcmd.exe -I C:/intelfpga_lite/18.1/quartus/bin64/perl/lib -I C:/intelfpga_lite/18.1/quartus/sopc_builder/bin/europa -I C:/intelfpga_lite/18.1/quartus/sopc_builder/bin/perl_lib -I C:/intelfpga_lite/18.1/quartus/sopc_builder/bin -I C:/intelfpga_lite/18.1/quartus/../ip/altera/nios2_ip/altera_nios2/cpu_lib -I C:/intelfpga_lite/18.1/quartus/../ip/altera/nios2_ip/altera_nios2/nios_lib -I C:/intelfpga_lite/18.1/quartus/../ip/altera/nios2_ip/altera_nios2 -I C:/intelfpga_lite/18.1/quartus/../ip/altera/nios2_ip/altera_nios2 -- C:/intelfpga_lite/18.1/quartus/../ip/altera/nios2_ip/altera_nios2/generate_rtl.epl --name=eindopdracht_Processor_Nios --dir=C:/Users/E0FFA~1.LI/AppData/Local/Temp/alt0473_6995057575254471341.dir/0012_Processor_Nios_gen/ --quartus_bindir=C:/intelfpga_lite/18.1/quartus/bin64 --verilog --config=C:/Users/E0FFA~1.LI/AppData/Local/Temp/alt0473_6995057575254471341.dir/0012_Processor_Nios_gen//eindopdracht_Processor_Nios_processor_configuration.pl  --do_build_sim=0  ]
Info: Processor_Nios: # 2026.01.20 15:45:26 (*) Starting Nios II generation
Info: Processor_Nios: # 2026.01.20 15:45:26 (*)   Checking for plaintext license.
Info: Processor_Nios: # 2026.01.20 15:45:27 (*)   Couldn't query license setup in Quartus directory C:/intelfpga_lite/18.1/quartus/bin64
Info: Processor_Nios: # 2026.01.20 15:45:27 (*)   Defaulting to contents of LM_LICENSE_FILE environment variable
Info: Processor_Nios: # 2026.01.20 15:45:27 (*)   LM_LICENSE_FILE environment variable is empty
Info: Processor_Nios: # 2026.01.20 15:45:27 (*)   Plaintext license not found.
Info: Processor_Nios: # 2026.01.20 15:45:27 (*)   No license required to generate encrypted Nios II/e.
Info: Processor_Nios: # 2026.01.20 15:45:27 (*)   Elaborating CPU configuration settings
Info: Processor_Nios: # 2026.01.20 15:45:27 (*)   Creating all objects for CPU
Info: Processor_Nios: # 2026.01.20 15:45:27 (*)   Generating RTL from CPU objects
Info: Processor_Nios: # 2026.01.20 15:45:27 (*)   Creating plain-text RTL
Info: Processor_Nios: # 2026.01.20 15:45:29 (*) Done Nios II generation
Info: Processor_Nios: Done RTL generation for module 'eindopdracht_Processor_Nios'
Info: Processor_Nios: "eindopdracht" instantiated altera_nios2_qsys "Processor_Nios"
Info: RAM: Starting RTL generation for module 'eindopdracht_RAM'
Info: RAM:   Generation command is [exec C:/intelfpga_lite/18.1/quartus/bin64/perl/bin/perl.exe -I C:/intelfpga_lite/18.1/quartus/bin64/perl/lib -I C:/intelfpga_lite/18.1/quartus/sopc_builder/bin/europa -I C:/intelfpga_lite/18.1/quartus/sopc_builder/bin/perl_lib -I C:/intelfpga_lite/18.1/quartus/sopc_builder/bin -I C:/intelfpga_lite/18.1/quartus/../ip/altera/sopc_builder_ip/common -I C:/intelfpga_lite/18.1/quartus/../ip/altera/sopc_builder_ip/altera_avalon_onchip_memory2 -- C:/intelfpga_lite/18.1/quartus/../ip/altera/sopc_builder_ip/altera_avalon_onchip_memory2/generate_rtl.pl --name=eindopdracht_RAM --dir=C:/Users/E0FFA~1.LI/AppData/Local/Temp/alt0473_6995057575254471341.dir/0013_RAM_gen/ --quartus_dir=C:/intelfpga_lite/18.1/quartus --verilog --config=C:/Users/E0FFA~1.LI/AppData/Local/Temp/alt0473_6995057575254471341.dir/0013_RAM_gen//eindopdracht_RAM_component_configuration.pl  --do_build_sim=0  ]
Info: RAM: Done RTL generation for module 'eindopdracht_RAM'
Info: RAM: "eindopdracht" instantiated altera_avalon_onchip_memory2 "RAM"
Info: led_matrix_0: "eindopdracht" instantiated 32x32_led_matrix "led_matrix_0"
Info: performance_checker_0: Starting RTL generation for module 'eindopdracht_performance_checker_0'
Info: performance_checker_0:   Generation command is [exec C:/intelfpga_lite/18.1/quartus/bin64/perl/bin/perl.exe -I C:/intelfpga_lite/18.1/quartus/bin64/perl/lib -I C:/intelfpga_lite/18.1/quartus/sopc_builder/bin/europa -I C:/intelfpga_lite/18.1/quartus/sopc_builder/bin/perl_lib -I C:/intelfpga_lite/18.1/quartus/sopc_builder/bin -I C:/intelfpga_lite/18.1/quartus/../ip/altera/sopc_builder_ip/common -I C:/intelfpga_lite/18.1/quartus/../ip/altera/sopc_builder_ip/altera_avalon_performance_counter -- C:/intelfpga_lite/18.1/quartus/../ip/altera/sopc_builder_ip/altera_avalon_performance_counter/generate_rtl.pl --name=eindopdracht_performance_checker_0 --dir=C:/Users/E0FFA~1.LI/AppData/Local/Temp/alt0473_6995057575254471341.dir/0015_performance_checker_0_gen/ --quartus_dir=C:/intelfpga_lite/18.1/quartus --verilog --config=C:/Users/E0FFA~1.LI/AppData/Local/Temp/alt0473_6995057575254471341.dir/0015_performance_checker_0_gen//eindopdracht_performance_checker_0_component_configuration.pl  --do_build_sim=0  ]
Info: performance_checker_0: Done RTL generation for module 'eindopdracht_performance_checker_0'
Info: performance_checker_0: "eindopdracht" instantiated altera_avalon_performance_counter "performance_checker_0"
Info: pio_buttons: Starting RTL generation for module 'eindopdracht_pio_buttons'
Info: pio_buttons:   Generation command is [exec C:/intelfpga_lite/18.1/quartus/bin64/perl/bin/perl.exe -I C:/intelfpga_lite/18.1/quartus/bin64/perl/lib -I C:/intelfpga_lite/18.1/quartus/sopc_builder/bin/europa -I C:/intelfpga_lite/18.1/quartus/sopc_builder/bin/perl_lib -I C:/intelfpga_lite/18.1/quartus/sopc_builder/bin -I C:/intelfpga_lite/18.1/quartus/../ip/altera/sopc_builder_ip/common -I C:/intelfpga_lite/18.1/quartus/../ip/altera/sopc_builder_ip/altera_avalon_pio -- C:/intelfpga_lite/18.1/quartus/../ip/altera/sopc_builder_ip/altera_avalon_pio/generate_rtl.pl --name=eindopdracht_pio_buttons --dir=C:/Users/E0FFA~1.LI/AppData/Local/Temp/alt0473_6995057575254471341.dir/0016_pio_buttons_gen/ --quartus_dir=C:/intelfpga_lite/18.1/quartus --verilog --config=C:/Users/E0FFA~1.LI/AppData/Local/Temp/alt0473_6995057575254471341.dir/0016_pio_buttons_gen//eindopdracht_pio_buttons_component_configuration.pl  --do_build_sim=0  ]
Info: pio_buttons: Done RTL generation for module 'eindopdracht_pio_buttons'
Info: pio_buttons: "eindopdracht" instantiated altera_avalon_pio "pio_buttons"
Info: pio_switches: Starting RTL generation for module 'eindopdracht_pio_switches'
Info: pio_switches:   Generation command is [exec C:/intelfpga_lite/18.1/quartus/bin64/perl/bin/perl.exe -I C:/intelfpga_lite/18.1/quartus/bin64/perl/lib -I C:/intelfpga_lite/18.1/quartus/sopc_builder/bin/europa -I C:/intelfpga_lite/18.1/quartus/sopc_builder/bin/perl_lib -I C:/intelfpga_lite/18.1/quartus/sopc_builder/bin -I C:/intelfpga_lite/18.1/quartus/../ip/altera/sopc_builder_ip/common -I C:/intelfpga_lite/18.1/quartus/../ip/altera/sopc_builder_ip/altera_avalon_pio -- C:/intelfpga_lite/18.1/quartus/../ip/altera/sopc_builder_ip/altera_avalon_pio/generate_rtl.pl --name=eindopdracht_pio_switches --dir=C:/Users/E0FFA~1.LI/AppData/Local/Temp/alt0473_6995057575254471341.dir/0017_pio_switches_gen/ --quartus_dir=C:/intelfpga_lite/18.1/quartus --verilog --config=C:/Users/E0FFA~1.LI/AppData/Local/Temp/alt0473_6995057575254471341.dir/0017_pio_switches_gen//eindopdracht_pio_switches_component_configuration.pl  --do_build_sim=0  ]
Info: pio_switches: Done RTL generation for module 'eindopdracht_pio_switches'
Info: pio_switches: "eindopdracht" instantiated altera_avalon_pio "pio_switches"
Info: sysid_qsys_0: "eindopdracht" instantiated altera_avalon_sysid_qsys "sysid_qsys_0"
Info: timer_0: Starting RTL generation for module 'eindopdracht_timer_0'
Info: timer_0:   Generation command is [exec C:/intelFPGA_lite/18.1/quartus/bin64//perl/bin/perl.exe -I C:/intelFPGA_lite/18.1/quartus/bin64//perl/lib -I C:/intelfpga_lite/18.1/quartus/sopc_builder/bin/europa -I C:/intelfpga_lite/18.1/quartus/sopc_builder/bin/perl_lib -I C:/intelfpga_lite/18.1/quartus/sopc_builder/bin -I C:/intelfpga_lite/18.1/quartus/../ip/altera/sopc_builder_ip/common -I C:/intelfpga_lite/18.1/quartus/../ip/altera/sopc_builder_ip/altera_avalon_timer -- C:/intelfpga_lite/18.1/quartus/../ip/altera/sopc_builder_ip/altera_avalon_timer/generate_rtl.pl --name=eindopdracht_timer_0 --dir=C:/Users/E0FFA~1.LI/AppData/Local/Temp/alt0473_6995057575254471341.dir/0019_timer_0_gen/ --quartus_dir=C:/intelfpga_lite/18.1/quartus --verilog --config=C:/Users/E0FFA~1.LI/AppData/Local/Temp/alt0473_6995057575254471341.dir/0019_timer_0_gen//eindopdracht_timer_0_component_configuration.pl  --do_build_sim=0  ]
Info: timer_0: Done RTL generation for module 'eindopdracht_timer_0'
Info: timer_0: "eindopdracht" instantiated altera_avalon_timer "timer_0"
Info: avalon_st_adapter: Inserting error_adapter: error_adapter_0
Info: avalon_st_adapter_001: Inserting error_adapter: error_adapter_0
Info: avalon_st_adapter_002: Inserting error_adapter: error_adapter_0
Info: avalon_st_adapter_003: Inserting error_adapter: error_adapter_0
Info: avalon_st_adapter_004: Inserting error_adapter: error_adapter_0
Info: avalon_st_adapter_005: Inserting error_adapter: error_adapter_0
Info: avalon_st_adapter_006: Inserting error_adapter: error_adapter_0
Info: avalon_st_adapter_007: Inserting error_adapter: error_adapter_0
Info: avalon_st_adapter_008: Inserting error_adapter: error_adapter_0
Info: mm_interconnect_0: "eindopdracht" instantiated altera_mm_interconnect "mm_interconnect_0"
Info: irq_mapper: "eindopdracht" instantiated altera_irq_mapper "irq_mapper"
Info: rst_controller: "eindopdracht" instantiated altera_reset_controller "rst_controller"
Info: Processor_Nios_data_master_translator: "mm_interconnect_0" instantiated altera_merlin_master_translator "Processor_Nios_data_master_translator"
Info: JTAG_DEBUG_avalon_jtag_slave_translator: "mm_interconnect_0" instantiated altera_merlin_slave_translator "JTAG_DEBUG_avalon_jtag_slave_translator"
Info: Processor_Nios_data_master_agent: "mm_interconnect_0" instantiated altera_merlin_master_agent "Processor_Nios_data_master_agent"
Info: JTAG_DEBUG_avalon_jtag_slave_agent: "mm_interconnect_0" instantiated altera_merlin_slave_agent "JTAG_DEBUG_avalon_jtag_slave_agent"
Info: JTAG_DEBUG_avalon_jtag_slave_agent_rsp_fifo: "mm_interconnect_0" instantiated altera_avalon_sc_fifo "JTAG_DEBUG_avalon_jtag_slave_agent_rsp_fifo"
Info: router: "mm_interconnect_0" instantiated altera_merlin_router "router"
Info: router_001: "mm_interconnect_0" instantiated altera_merlin_router "router_001"
Info: router_002: "mm_interconnect_0" instantiated altera_merlin_router "router_002"
Info: router_006: "mm_interconnect_0" instantiated altera_merlin_router "router_006"
Info: cmd_demux: "mm_interconnect_0" instantiated altera_merlin_demultiplexer "cmd_demux"
Info: cmd_demux_001: "mm_interconnect_0" instantiated altera_merlin_demultiplexer "cmd_demux_001"
Info: cmd_mux: "mm_interconnect_0" instantiated altera_merlin_multiplexer "cmd_mux"
Info: cmd_mux_004: "mm_interconnect_0" instantiated altera_merlin_multiplexer "cmd_mux_004"
Info: Reusing file C:/CSC10/eindopdracht/eindopdracht_emb_system/synthesis/submodules/altera_merlin_arbitrator.sv
Info: rsp_demux: "mm_interconnect_0" instantiated altera_merlin_demultiplexer "rsp_demux"
Info: rsp_mux: "mm_interconnect_0" instantiated altera_merlin_multiplexer "rsp_mux"
Info: Reusing file C:/CSC10/eindopdracht/eindopdracht_emb_system/synthesis/submodules/altera_merlin_arbitrator.sv
Info: rsp_mux_001: "mm_interconnect_0" instantiated altera_merlin_multiplexer "rsp_mux_001"
Info: Reusing file C:/CSC10/eindopdracht/eindopdracht_emb_system/synthesis/submodules/altera_merlin_arbitrator.sv
Info: avalon_st_adapter: "mm_interconnect_0" instantiated altera_avalon_st_adapter "avalon_st_adapter"
Info: error_adapter_0: "avalon_st_adapter" instantiated error_adapter "error_adapter_0"
Info: eindopdracht: Done "eindopdracht" with 31 modules, 45 files
Info: qsys-generate succeeded.
Info: Finished: Create HDL design files for synthesis
