Flow report for audio_vergelijken
Fri Dec 19 11:03:00 2025
Quartus Prime Version 18.1.0 Build 625 09/12/2018 SJ Lite Edition


---------------------
; Table of Contents ;
---------------------
  1. Legal Notice
  2. Flow Summary
  3. Flow Settings
  4. Flow Non-Default Global Settings
  5. Flow Elapsed Time
  6. Flow OS Summary
  7. Flow Log
  8. Flow Messages
  9. Flow Suppressed Messages



----------------
; Legal Notice ;
----------------
Copyright (C) 2018  Intel Corporation. All rights reserved.
Your use of Intel Corporation's design tools, logic functions 
and other software and tools, and its AMPP partner logic 
functions, and any output files from any of the foregoing 
(including device programming or simulation files), and any 
associated documentation or information are expressly subject 
to the terms and conditions of the Intel Program License 
Subscription Agreement, the Intel Quartus Prime License Agreement,
the Intel FPGA IP License Agreement, or other applicable license
agreement, including, without limitation, that your use is for
the sole purpose of programming logic devices manufactured by
Intel and sold by Intel or its authorized distributors.  Please
refer to the applicable agreement for further details.



+-------------------------------------------------------------------------------+
; Flow Summary                                                                  ;
+---------------------------------+---------------------------------------------+
; Flow Status                     ; Successful - Fri Dec 19 11:03:00 2025       ;
; Quartus Prime Version           ; 18.1.0 Build 625 09/12/2018 SJ Lite Edition ;
; Revision Name                   ; audio_vergelijken                           ;
; Top-level Entity Name           ; audio_vergelijken                           ;
; Family                          ; Cyclone V                                   ;
; Device                          ; 5CSEMA5F31C6                                ;
; Timing Models                   ; Final                                       ;
; Logic utilization (in ALMs)     ; 2,043 / 32,070 ( 6 % )                      ;
; Total registers                 ; 3014                                        ;
; Total pins                      ; 30 / 457 ( 7 % )                            ;
; Total virtual pins              ; 0                                           ;
; Total block memory bits         ; 1,095,936 / 4,065,280 ( 27 % )              ;
; Total DSP Blocks                ; 3 / 87 ( 3 % )                              ;
; Total HSSI RX PCSs              ; 0                                           ;
; Total HSSI PMA RX Deserializers ; 0                                           ;
; Total HSSI TX PCSs              ; 0                                           ;
; Total HSSI PMA TX Serializers   ; 0                                           ;
; Total PLLs                      ; 1 / 6 ( 17 % )                              ;
; Total DLLs                      ; 0 / 4 ( 0 % )                               ;
+---------------------------------+---------------------------------------------+


+-----------------------------------------+
; Flow Settings                           ;
+-------------------+---------------------+
; Option            ; Setting             ;
+-------------------+---------------------+
; Start date & time ; 12/19/2025 10:59:49 ;
; Main task         ; Compilation         ;
; Revision Name     ; audio_vergelijken   ;
+-------------------+---------------------+


+------------------------------------------------------------------------------------------------------------------------------------------+
; Flow Non-Default Global Settings                                                                                                         ;
+-------------------------------------+---------------------------------------------------------+---------------+-------------+------------+
; Assignment Name                     ; Value                                                   ; Default Value ; Entity Name ; Section Id ;
+-------------------------------------+---------------------------------------------------------+---------------+-------------+------------+
; COMPILER_SIGNATURE_ID               ; 1098560080898.176613838909124                           ; --            ; --          ; --         ;
; MAX_CORE_JUNCTION_TEMP              ; 85                                                      ; --            ; --          ; --         ;
; MIN_CORE_JUNCTION_TEMP              ; 0                                                       ; --            ; --          ; --         ;
; MISC_FILE                           ; audio_emb_system/synthesis/../audio.cmp                 ; --            ; --          ; --         ;
; MISC_FILE                           ; audio_emb_system/synthesis/../../audio.qsys             ; --            ; --          ; --         ;
; PARTITION_COLOR                     ; -- (Not supported for targeted family)                  ; --            ; --          ; Top        ;
; PARTITION_FITTER_PRESERVATION_LEVEL ; -- (Not supported for targeted family)                  ; --            ; --          ; Top        ;
; PARTITION_NETLIST_TYPE              ; -- (Not supported for targeted family)                  ; --            ; --          ; Top        ;
; POWER_BOARD_THERMAL_MODEL           ; None (CONSERVATIVE)                                     ; --            ; --          ; --         ;
; POWER_PRESET_COOLING_SOLUTION       ; 23 MM HEAT SINK WITH 200 LFPM AIRFLOW                   ; --            ; --          ; --         ;
; PROJECT_OUTPUT_DIRECTORY            ; output_files                                            ; --            ; --          ; --         ;
; SLD_FILE                            ; audio_emb_system/synthesis/audio.regmap                 ; --            ; --          ; --         ;
; SLD_FILE                            ; audio_emb_system/synthesis/audio.debuginfo              ; --            ; --          ; --         ;
; SLD_INFO                            ; QSYS_NAME audio HAS_SOPCINFO 1 GENERATION_ID 1766137401 ; --            ; audio       ; --         ;
; SOPCINFO_FILE                       ; audio_emb_system/synthesis/../../audio.sopcinfo         ; --            ; --          ; --         ;
; SYNTHESIS_ONLY_QIP                  ; On                                                      ; --            ; --          ; --         ;
+-------------------------------------+---------------------------------------------------------+---------------+-------------+------------+


+--------------------------------------------------------------------------------------------------------------------------+
; Flow Elapsed Time                                                                                                        ;
+----------------------+--------------+-------------------------+---------------------+------------------------------------+
; Module Name          ; Elapsed Time ; Average Processors Used ; Peak Virtual Memory ; Total CPU Time (on all processors) ;
+----------------------+--------------+-------------------------+---------------------+------------------------------------+
; Analysis & Synthesis ; 00:00:57     ; 1.0                     ; 5070 MB             ; 00:01:16                           ;
; Fitter               ; 00:01:51     ; 1.1                     ; 6793 MB             ; 00:03:35                           ;
; Assembler            ; 00:00:15     ; 1.0                     ; 4903 MB             ; 00:00:09                           ;
; Total                ; 00:03:03     ; --                      ; --                  ; 00:05:00                           ;
+----------------------+--------------+-------------------------+---------------------+------------------------------------+


+------------------------------------------------------------------------------------+
; Flow OS Summary                                                                    ;
+----------------------+------------------+------------+------------+----------------+
; Module Name          ; Machine Hostname ; OS Name    ; OS Version ; Processor type ;
+----------------------+------------------+------------+------------+----------------+
; Analysis & Synthesis ; LAPTOP-91TJQ4N1  ; Windows 10 ; 10.0       ; x86_64         ;
; Fitter               ; LAPTOP-91TJQ4N1  ; Windows 10 ; 10.0       ; x86_64         ;
; Assembler            ; LAPTOP-91TJQ4N1  ; Windows 10 ; 10.0       ; x86_64         ;
+----------------------+------------------+------------+------------+----------------+


------------
; Flow Log ;
------------
quartus_map --read_settings_files=on --write_settings_files=off audio_vergelijken -c audio_vergelijken
quartus_fit --read_settings_files=off --write_settings_files=off audio_vergelijken -c audio_vergelijken
quartus_asm --read_settings_files=off --write_settings_files=off audio_vergelijken -c audio_vergelijken



