17:17:16 **** Incremental Build of configuration Nios II for project matrix ****
make all 
Info: Building ../matrix_bsp/
C:/intelFPGA_lite/18.1/nios2eds/bin/gnu/H-x86_64-mingw32/bin/make --no-print-directory -C ../matrix_bsp/
[BSP build complete]
Info: Compiling hello_world.c to obj/default/hello_world.o
nios2-elf-gcc -xc -MP -MMD -c -I../matrix_bsp//HAL/inc -I../matrix_bsp/ -I../matrix_bsp//drivers/inc  -pipe -D__hal__ -DALT_NO_INSTRUCTION_EMULATION -DALT_SINGLE_THREADED    -Os -g -Wall   -mno-hw-div -mhw-mul -mno-hw-mulx -mgpopt=global  -o obj/default/hello_world.o hello_world.c
Info: Linking matrix.elf
nios2-elf-g++  -T'../matrix_bsp//linker.x' -msys-crt0='../matrix_bsp//obj/HAL/src/crt0.o' -msys-lib=hal_bsp -L../matrix_bsp/   -Wl,-Map=matrix.map   -Os -g -Wall   -mno-hw-div -mhw-mul -mno-hw-mulx -mgpopt=global  -o matrix.elf obj/default/hello_world.o -lm -msys-lib=m
nios2-elf-insert matrix.elf --thread_model hal --cpu_name nios2_gen2_0 --qsys true --simulation_enabled false --stderr_dev jtag_uart --stdin_dev jtag_uart --stdout_dev jtag_uart --sopc_system_name soc_system --quartus_project_dir "C:/Users/mitch/Documents/GitHub/CSC10/#workspace/Matrix32_component_maken" --jdi ../..//output_files/32matrix.jdi --sopcinfo C:/Users/mitch/Documents/GitHub/CSC10/#workspace/Matrix32_component_maken/software/matrix_bsp/../../soc_system.sopcinfo
Info: (matrix.elf) 72 KBytes program size (code + initialized data).
Info:              170 KBytes free for stack + heap.
Info: Creating matrix.objdump
nios2-elf-objdump --disassemble --syms --all-header --source matrix.elf >matrix.objdump
[matrix build complete]
17:17:27 **** Build of configuration Nios II for project matrix ****
make all 
Info: Building ../matrix_bsp/
C:/intelFPGA_lite/18.1/nios2eds/bin/gnu/H-x86_64-mingw32/bin/make --no-print-directory -C ../matrix_bsp/
[BSP build complete]
[matrix build complete]
17:17:28 **** Incremental Build of configuration Nios II for project matrix ****
make all 
Info: Building ../matrix_bsp/
C:/intelFPGA_lite/18.1/nios2eds/bin/gnu/H-x86_64-mingw32/bin/make --no-print-directory -C ../matrix_bsp/
[BSP build complete]
[matrix build complete]
